==265416== Memcheck, a memory error detector
==265416== Copyright (C) 2002-2017, and GNU GPL'd, by Julian Seward et al.
==265416== Using Valgrind-3.18.1-42b08ed5bd-20211015 and LibVEX; rerun with -h for copyright info
==265416== Command: ./zombie
==265416== Parent PID: 251919
==265416== 
--265416-- 
--265416-- Valgrind options:
--265416--    --leak-check=full
--265416--    --show-leak-kinds=all
--265416--    --track-origins=yes
--265416--    --verbose
--265416--    -s
--265416--    --log-file=valgrind.log
--265416-- Contents of /proc/version:
--265416--   Linux version 5.15.0-143-generic (buildd@lcy02-amd64-115) (gcc (Ubuntu 11.4.0-1ubuntu1~22.04) 11.4.0, GNU ld (GNU Binutils for Ubuntu) 2.38) #153-Ubuntu SMP Fri Jun 13 19:10:45 UTC 2025
--265416-- 
--265416-- Arch and hwcaps: AMD64, LittleEndian, amd64-cx16-lzcnt-rdtscp-sse3-ssse3-avx-avx2-bmi-f16c-rdrand-rdseed
--265416-- Page sizes: currently 4096, max supported 4096
--265416-- Valgrind library directory: /usr/libexec/valgrind
--265416-- Reading syms from /nfs/homes/jlacerda/ft/42-cursus-cpp-modules/one/ex00/zombie
--265416-- Reading syms from /usr/lib/x86_64-linux-gnu/ld-linux-x86-64.so.2
--265416--   Considering /usr/lib/debug/.build-id/9c/b53985768bb99f138f48655f7b8bf7e420d13d.debug ..
--265416--   .. build-id is valid
--265416-- Reading syms from /usr/libexec/valgrind/memcheck-amd64-linux
--265416--    object doesn't have a symbol table
--265416--    object doesn't have a dynamic symbol table
--265416-- Scheduler: using generic scheduler lock implementation.
--265416-- Reading suppressions file: /usr/libexec/valgrind/default.supp
==265416== embedded gdbserver: reading from /tmp/vgdb-pipe-from-vgdb-to-265416-by-jlacerda-on-???
==265416== embedded gdbserver: writing to   /tmp/vgdb-pipe-to-vgdb-from-265416-by-jlacerda-on-???
==265416== embedded gdbserver: shared mem   /tmp/vgdb-pipe-shared-mem-vgdb-265416-by-jlacerda-on-???
==265416== 
==265416== TO CONTROL THIS PROCESS USING vgdb (which you probably
==265416== don't want to do, unless you know exactly what you're doing,
==265416== or are doing some strange experiment):
==265416==   /usr/bin/vgdb --pid=265416 ...command...
==265416== 
==265416== TO DEBUG THIS PROCESS USING GDB: start GDB like this
==265416==   /path/to/gdb ./zombie
==265416== and then give GDB the following command
==265416==   target remote | /usr/bin/vgdb --pid=265416
==265416== --pid is optional if only one valgrind process is running
==265416== 
--265416-- REDIR: 0x402aa40 (ld-linux-x86-64.so.2:strlen) redirected to 0x580bcec2 (???)
--265416-- REDIR: 0x402a810 (ld-linux-x86-64.so.2:index) redirected to 0x580bcedc (???)
--265416-- Reading syms from /usr/libexec/valgrind/vgpreload_core-amd64-linux.so
--265416--    object doesn't have a symbol table
--265416-- Reading syms from /usr/libexec/valgrind/vgpreload_memcheck-amd64-linux.so
--265416--    object doesn't have a symbol table
==265416== WARNING: new redirection conflicts with existing -- ignoring it
--265416--     old: 0x0402aa40 (strlen              ) R-> (0000.0) 0x580bcec2 ???
--265416--     new: 0x0402aa40 (strlen              ) R-> (2007.0) 0x0484ee30 strlen
--265416-- REDIR: 0x4027220 (ld-linux-x86-64.so.2:strcmp) redirected to 0x484fcd0 (strcmp)
--265416-- REDIR: 0x402afa0 (ld-linux-x86-64.so.2:mempcpy) redirected to 0x4853840 (mempcpy)
--265416-- Reading syms from /usr/lib/x86_64-linux-gnu/libstdc++.so.6.0.30
--265416--    object doesn't have a symbol table
--265416-- Reading syms from /usr/lib/x86_64-linux-gnu/libm.so.6
--265416--   Considering /usr/lib/debug/.build-id/a3/ad9bb40b4907e509e4404cb972645c19675ca3.debug ..
--265416--   .. build-id is valid
--265416-- Reading syms from /usr/lib/x86_64-linux-gnu/libgcc_s.so.1
--265416--    object doesn't have a symbol table
--265416-- Reading syms from /usr/lib/x86_64-linux-gnu/libc.so.6
--265416--   Considering /usr/lib/debug/.build-id/d5/197096f709801829b118af1b7cf6631efa2dcd.debug ..
--265416--   .. build-id is valid
==265416== WARNING: new redirection conflicts with existing -- ignoring it
--265416--     old: 0x04c48c60 (memalign            ) R-> (1011.0) 0x0484e080 memalign
--265416--     new: 0x04c48c60 (memalign            ) R-> (1017.0) 0x0484e050 aligned_alloc
==265416== WARNING: new redirection conflicts with existing -- ignoring it
--265416--     old: 0x04c48c60 (memalign            ) R-> (1011.0) 0x0484e080 memalign
--265416--     new: 0x04c48c60 (memalign            ) R-> (1017.0) 0x0484e020 aligned_alloc
==265416== WARNING: new redirection conflicts with existing -- ignoring it
--265416--     old: 0x04c48c60 (memalign            ) R-> (1011.0) 0x0484e080 memalign
--265416--     new: 0x04c48c60 (memalign            ) R-> (1017.0) 0x0484e050 aligned_alloc
==265416== WARNING: new redirection conflicts with existing -- ignoring it
--265416--     old: 0x04c48c60 (memalign            ) R-> (1011.0) 0x0484e080 memalign
--265416--     new: 0x04c48c60 (memalign            ) R-> (1017.0) 0x0484e020 aligned_alloc
--265416-- REDIR: 0x4c4b720 (libc.so.6:strnlen) redirected to 0x483f220 (_vgnU_ifunc_wrapper)
--265416-- REDIR: 0x4c4b9e0 (libc.so.6:strpbrk) redirected to 0x483f220 (_vgnU_ifunc_wrapper)
--265416-- REDIR: 0x4c4b2e0 (libc.so.6:strcmp) redirected to 0x483f220 (_vgnU_ifunc_wrapper)
--265416-- REDIR: 0x4c69cd0 (libc.so.6:wcsnlen) redirected to 0x483f220 (_vgnU_ifunc_wrapper)
--265416-- REDIR: 0x4c4c6d0 (libc.so.6:memset) redirected to 0x483f220 (_vgnU_ifunc_wrapper)
--265416-- REDIR: 0x4c68540 (libc.so.6:wcslen) redirected to 0x483f220 (_vgnU_ifunc_wrapper)
--265416-- REDIR: 0x4c4cc10 (libc.so.6:memcpy@@GLIBC_2.14) redirected to 0x483f220 (_vgnU_ifunc_wrapper)
--265416-- REDIR: 0x4c68370 (libc.so.6:wcschr) redirected to 0x483f220 (_vgnU_ifunc_wrapper)
--265416-- REDIR: 0x4c4b260 (libc.so.6:index) redirected to 0x483f220 (_vgnU_ifunc_wrapper)
--265416-- REDIR: 0x4c4b960 (libc.so.6:rindex) redirected to 0x483f220 (_vgnU_ifunc_wrapper)
--265416-- REDIR: 0x4c4c5a0 (libc.so.6:memmove) redirected to 0x483f220 (_vgnU_ifunc_wrapper)
==265416== Preferring higher priority redirection:
--265416--     old: 0x04d437c0 (__memcpy_avx_unalign) R-> (2018.0) 0x04850f90 __memcpy_avx_unaligned_erms
--265416--     new: 0x04d437c0 (__memcpy_avx_unalign) R-> (2018.1) 0x04852880 memmove
--265416-- REDIR: 0x4c683f0 (libc.so.6:wcscmp) redirected to 0x483f220 (_vgnU_ifunc_wrapper)
--265416-- REDIR: 0x4c4c9e0 (libc.so.6:stpncpy) redirected to 0x483f220 (_vgnU_ifunc_wrapper)
--265416-- REDIR: 0x4c689b0 (libc.so.6:wmemchr) redirected to 0x483f220 (_vgnU_ifunc_wrapper)
--265416-- REDIR: 0x4c4b830 (libc.so.6:strncmp) redirected to 0x483f220 (_vgnU_ifunc_wrapper)
--265416-- REDIR: 0x4c4ca70 (libc.so.6:strcasecmp) redirected to 0x483f220 (_vgnU_ifunc_wrapper)
--265416-- REDIR: 0x4c4b420 (libc.so.6:strcspn) redirected to 0x483f220 (_vgnU_ifunc_wrapper)
--265416-- REDIR: 0x4c68470 (libc.so.6:wcscpy) redirected to 0x483f220 (_vgnU_ifunc_wrapper)
--265416-- REDIR: 0x4c4b1d0 (libc.so.6:strcat) redirected to 0x483f220 (_vgnU_ifunc_wrapper)
--265416-- REDIR: 0x4c4cb60 (libc.so.6:strncasecmp_l) redirected to 0x483f220 (_vgnU_ifunc_wrapper)
--265416-- REDIR: 0x4c4c480 (libc.so.6:bcmp) redirected to 0x483f220 (_vgnU_ifunc_wrapper)
--265416-- REDIR: 0x4c54570 (libc.so.6:memrchr) redirected to 0x483f220 (_vgnU_ifunc_wrapper)
--265416-- REDIR: 0x4c4e010 (libc.so.6:strchrnul) redirected to 0x483f220 (_vgnU_ifunc_wrapper)
--265416-- REDIR: 0x4c4b390 (libc.so.6:strcpy) redirected to 0x483f220 (_vgnU_ifunc_wrapper)
--265416-- REDIR: 0x4c4cb10 (libc.so.6:strcasecmp_l) redirected to 0x483f220 (_vgnU_ifunc_wrapper)
--265416-- REDIR: 0x4c4b6a0 (libc.so.6:strlen) redirected to 0x483f220 (_vgnU_ifunc_wrapper)
--265416-- REDIR: 0x4c4b8d0 (libc.so.6:strncpy) redirected to 0x483f220 (_vgnU_ifunc_wrapper)
--265416-- REDIR: 0x4c4c950 (libc.so.6:stpcpy) redirected to 0x483f220 (_vgnU_ifunc_wrapper)
--265416-- REDIR: 0x4c4c3f0 (libc.so.6:memchr) redirected to 0x483f220 (_vgnU_ifunc_wrapper)
--265416-- REDIR: 0x4c4bb00 (libc.so.6:strspn) redirected to 0x483f220 (_vgnU_ifunc_wrapper)
--265416-- REDIR: 0x4c4c7d0 (libc.so.6:mempcpy) redirected to 0x483f220 (_vgnU_ifunc_wrapper)
--265416-- REDIR: 0x4c4cac0 (libc.so.6:strncasecmp) redirected to 0x483f220 (_vgnU_ifunc_wrapper)
--265416-- REDIR: 0x4c4df80 (libc.so.6:rawmemchr) redirected to 0x483f220 (_vgnU_ifunc_wrapper)
--265416-- REDIR: 0x4d40610 (libc.so.6:__strrchr_avx2) redirected to 0x484e810 (rindex)
--265416-- REDIR: 0x4c480a0 (libc.so.6:malloc) redirected to 0x4848820 (malloc)
--265416-- REDIR: 0x4d407e0 (libc.so.6:__strlen_avx2) redirected to 0x484ed10 (strlen)
--265416-- REDIR: 0x4d3ca80 (libc.so.6:__memcmp_avx2_movbe) redirected to 0x4852010 (bcmp)
--265416-- REDIR: 0x4d43780 (libc.so.6:__mempcpy_avx_unaligned_erms) redirected to 0x4853440 (mempcpy)
--265416-- REDIR: 0x4d437c0 (libc.so.6:__memcpy_avx_unaligned_erms) redirected to 0x4852880 (memmove)
--265416-- REDIR: 0x491e970 (libstdc++.so.6:operator new(unsigned long)) redirected to 0x4848fa0 (operator new(unsigned long))
--265416-- REDIR: 0x491cc10 (libstdc++.so.6:operator delete(void*)) redirected to 0x484b840 (operator delete(void*))
--265416-- REDIR: 0x4d40400 (libc.so.6:__strchrnul_avx2) redirected to 0x4853330 (strchrnul)
--265416-- REDIR: 0x4d3c2c0 (libc.so.6:__memchr_avx2) redirected to 0x484fd50 (memchr)
--265416-- REDIR: 0x4c483e0 (libc.so.6:free) redirected to 0x484b210 (free)
==265416== 
==265416== HEAP SUMMARY:
==265416==     in use at exit: 0 bytes in 0 blocks
==265416==   total heap usage: 128 allocs, 128 frees, 78,752 bytes allocated
==265416== 
==265416== All heap blocks were freed -- no leaks are possible
==265416== 
==265416== ERROR SUMMARY: 0 errors from 0 contexts (suppressed: 0 from 0)
